<?xml version="1.0" encoding="UTF-8"?>
<testsuite xmlns:xsi="http://www.w3.org/2001/XMLSchema-instance" xsi:noNamespaceSchemaLocation="https://maven.apache.org/surefire/maven-surefire-plugin/xsd/surefire-test-report-3.0.xsd" version="3.0" name="com.agileboot.admin.customize.service.permission.CustomDataPermissionCheckerTest" time="1.441" tests="5" errors="0" skipped="0" failures="0">
  <properties>
[...]
</properties>
  <testcase name="testCheckWhenContainTargetDeptId" classname="com.agileboot.admin.customize.service.permission.CustomDataPermissionCheckerTest" time="0.046"/>
  <testcase name="testCheckWhenTargetDeptIdNull" classname="com.agileboot.admin.customize.service.permission.CustomDataPermissionCheckerTest" time="0.002"/>
  <testcase name="testCheckWhenParameterNull" classname="com.agileboot.admin.customize.service.permission.CustomDataPermissionCheckerTest" time="0.001"/>
  <testcase name="testCheckWhenRoleIsNull" classname="com.agileboot.admin.customize.service.permission.CustomDataPermissionCheckerTest" time="0.001"/>
  <testcase name="testCheckWhenNotContainTargetDeptId" classname="com.agileboot.admin.customize.service.permission.CustomDataPermissionCheckerTest" time="0.001"/>
</testsuite>